13:46:48.945 [main] ERROR o.s.web.servlet.DispatcherServlet - Context initialization failed
org.springframework.beans.factory.BeanCreationException: Error creating bean with name 'taskController': Injection of autowired dependencies failed; nested exception is org.springframework.beans.factory.BeanCreationException: Could not autowire field: private com.ggec.template.service.task.TaskService com.ggec.template.web.task.TaskController.taskService; nested exception is java.lang.IllegalArgumentException: Can not set com.ggec.template.service.task.TaskService field com.ggec.template.web.task.TaskController.taskService to com.sun.proxy.$Proxy37
	at org.springframework.beans.factory.annotation.AutowiredAnnotationBeanPostProcessor.postProcessPropertyValues(AutowiredAnnotationBeanPostProcessor.java:292) ~[spring-beans-4.0.2.RELEASE.jar:4.0.2.RELEASE]
	at org.springframework.beans.factory.support.AbstractAutowireCapableBeanFactory.populateBean(AbstractAutowireCapableBeanFactory.java:1185) ~[spring-beans-4.0.2.RELEASE.jar:4.0.2.RELEASE]
	at org.springframework.beans.factory.support.AbstractAutowireCapableBeanFactory.doCreateBean(AbstractAutowireCapableBeanFactory.java:537) ~[spring-beans-4.0.2.RELEASE.jar:4.0.2.RELEASE]
	at org.springframework.beans.factory.support.AbstractAutowireCapableBeanFactory.createBean(AbstractAutowireCapableBeanFactory.java:475) ~[spring-beans-4.0.2.RELEASE.jar:4.0.2.RELEASE]
	at org.springframework.beans.factory.support.AbstractBeanFactory$1.getObject(AbstractBeanFactory.java:304) ~[spring-beans-4.0.2.RELEASE.jar:4.0.2.RELEASE]
	at org.springframework.beans.factory.support.DefaultSingletonBeanRegistry.getSingleton(DefaultSingletonBeanRegistry.java:228) ~[spring-beans-4.0.2.RELEASE.jar:4.0.2.RELEASE]
	at org.springframework.beans.factory.support.AbstractBeanFactory.doGetBean(AbstractBeanFactory.java:300) ~[spring-beans-4.0.2.RELEASE.jar:4.0.2.RELEASE]
	at org.springframework.beans.factory.support.AbstractBeanFactory.getBean(AbstractBeanFactory.java:195) ~[spring-beans-4.0.2.RELEASE.jar:4.0.2.RELEASE]
	at org.springframework.beans.factory.support.DefaultListableBeanFactory.preInstantiateSingletons(DefaultListableBeanFactory.java:700) ~[spring-beans-4.0.2.RELEASE.jar:4.0.2.RELEASE]
	at org.springframework.context.support.AbstractApplicationContext.finishBeanFactoryInitialization(AbstractApplicationContext.java:760) ~[spring-context-4.0.2.RELEASE.jar:4.0.2.RELEASE]
	at org.springframework.context.support.AbstractApplicationContext.refresh(AbstractApplicationContext.java:482) ~[spring-context-4.0.2.RELEASE.jar:4.0.2.RELEASE]
	at org.springframework.web.servlet.FrameworkServlet.configureAndRefreshWebApplicationContext(FrameworkServlet.java:658) ~[spring-webmvc-4.0.2.RELEASE.jar:4.0.2.RELEASE]
	at org.springframework.web.servlet.FrameworkServlet.createWebApplicationContext(FrameworkServlet.java:624) ~[spring-webmvc-4.0.2.RELEASE.jar:4.0.2.RELEASE]
	at org.springframework.web.servlet.FrameworkServlet.createWebApplicationContext(FrameworkServlet.java:672) ~[spring-webmvc-4.0.2.RELEASE.jar:4.0.2.RELEASE]
	at org.springframework.web.servlet.FrameworkServlet.initWebApplicationContext(FrameworkServlet.java:543) ~[spring-webmvc-4.0.2.RELEASE.jar:4.0.2.RELEASE]
	at org.springframework.web.servlet.FrameworkServlet.initServletBean(FrameworkServlet.java:484) ~[spring-webmvc-4.0.2.RELEASE.jar:4.0.2.RELEASE]
	at org.springframework.web.servlet.HttpServletBean.init(HttpServletBean.java:136) [spring-webmvc-4.0.2.RELEASE.jar:4.0.2.RELEASE]
	at javax.servlet.GenericServlet.init(GenericServlet.java:244) [javax.servlet-3.0.0.v201112011016.jar:na]
	at org.eclipse.jetty.servlet.ServletHolder.initServlet(ServletHolder.java:532) [jetty-servlet-8.1.15.v20140411.jar:8.1.15.v20140411]
	at org.eclipse.jetty.servlet.ServletHolder.doStart(ServletHolder.java:344) [jetty-servlet-8.1.15.v20140411.jar:8.1.15.v20140411]
	at org.eclipse.jetty.util.component.AbstractLifeCycle.start(AbstractLifeCycle.java:64) [jetty-util-8.1.15.v20140411.jar:8.1.15.v20140411]
	at org.eclipse.jetty.servlet.ServletHandler.initialize(ServletHandler.java:791) [jetty-servlet-8.1.15.v20140411.jar:8.1.15.v20140411]
	at org.eclipse.jetty.servlet.ServletContextHandler.startContext(ServletContextHandler.java:265) [jetty-servlet-8.1.15.v20140411.jar:8.1.15.v20140411]
	at org.eclipse.jetty.webapp.WebAppContext.startContext(WebAppContext.java:1242) [jetty-webapp-8.1.15.v20140411.jar:8.1.15.v20140411]
	at org.eclipse.jetty.server.handler.ContextHandler.doStart(ContextHandler.java:717) [jetty-server-8.1.15.v20140411.jar:8.1.15.v20140411]
	at org.eclipse.jetty.webapp.WebAppContext.doStart(WebAppContext.java:494) [jetty-webapp-8.1.15.v20140411.jar:8.1.15.v20140411]
	at org.mortbay.jetty.plugin.JettyWebAppContext.doStart(JettyWebAppContext.java:298) [jetty-maven-plugin-8.1.15.v20140411.jar:8.1.15.v20140411]
	at org.eclipse.jetty.util.component.AbstractLifeCycle.start(AbstractLifeCycle.java:64) [jetty-util-8.1.15.v20140411.jar:8.1.15.v20140411]
	at org.eclipse.jetty.server.handler.HandlerCollection.doStart(HandlerCollection.java:229) [jetty-server-8.1.15.v20140411.jar:8.1.15.v20140411]
	at org.eclipse.jetty.server.handler.ContextHandlerCollection.doStart(ContextHandlerCollection.java:172) [jetty-server-8.1.15.v20140411.jar:8.1.15.v20140411]
	at org.eclipse.jetty.util.component.AbstractLifeCycle.start(AbstractLifeCycle.java:64) [jetty-util-8.1.15.v20140411.jar:8.1.15.v20140411]
	at org.eclipse.jetty.server.handler.HandlerCollection.doStart(HandlerCollection.java:229) [jetty-server-8.1.15.v20140411.jar:8.1.15.v20140411]
	at org.eclipse.jetty.util.component.AbstractLifeCycle.start(AbstractLifeCycle.java:64) [jetty-util-8.1.15.v20140411.jar:8.1.15.v20140411]
	at org.eclipse.jetty.server.handler.HandlerWrapper.doStart(HandlerWrapper.java:95) [jetty-server-8.1.15.v20140411.jar:8.1.15.v20140411]
	at org.eclipse.jetty.server.Server.doStart(Server.java:282) [jetty-server-8.1.15.v20140411.jar:8.1.15.v20140411]
	at org.mortbay.jetty.plugin.JettyServer.doStart(JettyServer.java:65) [jetty-maven-plugin-8.1.15.v20140411.jar:8.1.15.v20140411]
	at org.eclipse.jetty.util.component.AbstractLifeCycle.start(AbstractLifeCycle.java:64) [jetty-util-8.1.15.v20140411.jar:8.1.15.v20140411]
	at org.mortbay.jetty.plugin.AbstractJettyMojo.startJetty(AbstractJettyMojo.java:520) [jetty-maven-plugin-8.1.15.v20140411.jar:8.1.15.v20140411]
	at org.mortbay.jetty.plugin.AbstractJettyMojo.execute(AbstractJettyMojo.java:365) [jetty-maven-plugin-8.1.15.v20140411.jar:8.1.15.v20140411]
	at org.mortbay.jetty.plugin.JettyRunMojo.execute(JettyRunMojo.java:523) [jetty-maven-plugin-8.1.15.v20140411.jar:8.1.15.v20140411]
	at org.apache.maven.plugin.DefaultBuildPluginManager.executeMojo(DefaultBuildPluginManager.java:101) [maven-core-3.0.4.jar:3.0.4]
	at org.apache.maven.lifecycle.internal.MojoExecutor.execute(MojoExecutor.java:209) [maven-core-3.0.4.jar:3.0.4]
	at org.apache.maven.lifecycle.internal.MojoExecutor.execute(MojoExecutor.java:153) [maven-core-3.0.4.jar:3.0.4]
	at org.apache.maven.lifecycle.internal.MojoExecutor.execute(MojoExecutor.java:145) [maven-core-3.0.4.jar:3.0.4]
	at org.apache.maven.lifecycle.internal.LifecycleModuleBuilder.buildProject(LifecycleModuleBuilder.java:84) [maven-core-3.0.4.jar:3.0.4]
	at org.apache.maven.lifecycle.internal.LifecycleModuleBuilder.buildProject(LifecycleModuleBuilder.java:59) [maven-core-3.0.4.jar:3.0.4]
	at org.apache.maven.lifecycle.internal.LifecycleStarter.singleThreadedBuild(LifecycleStarter.java:183) [maven-core-3.0.4.jar:3.0.4]
	at org.apache.maven.lifecycle.internal.LifecycleStarter.execute(LifecycleStarter.java:161) [maven-core-3.0.4.jar:3.0.4]
	at org.apache.maven.DefaultMaven.doExecute(DefaultMaven.java:320) [maven-core-3.0.4.jar:3.0.4]
	at org.apache.maven.DefaultMaven.execute(DefaultMaven.java:156) [maven-core-3.0.4.jar:3.0.4]
	at org.apache.maven.cli.MavenCli.execute(MavenCli.java:537) [maven-embedder-3.0.4.jar:3.0.4]
	at org.apache.maven.cli.MavenCli.doMain(MavenCli.java:196) [maven-embedder-3.0.4.jar:3.0.4]
	at org.apache.maven.cli.MavenCli.main(MavenCli.java:141) [maven-embedder-3.0.4.jar:3.0.4]
	at sun.reflect.NativeMethodAccessorImpl.invoke0(Native Method) ~[na:1.7.0_21]
	at sun.reflect.NativeMethodAccessorImpl.invoke(NativeMethodAccessorImpl.java:57) ~[na:1.7.0_21]
	at sun.reflect.DelegatingMethodAccessorImpl.invoke(DelegatingMethodAccessorImpl.java:43) ~[na:1.7.0_21]
	at java.lang.reflect.Method.invoke(Method.java:601) ~[na:1.7.0_21]
	at org.codehaus.plexus.classworlds.launcher.Launcher.launchEnhanced(Launcher.java:290) [plexus-classworlds-2.4.jar:na]
	at org.codehaus.plexus.classworlds.launcher.Launcher.launch(Launcher.java:230) [plexus-classworlds-2.4.jar:na]
	at org.codehaus.plexus.classworlds.launcher.Launcher.mainWithExitCode(Launcher.java:409) [plexus-classworlds-2.4.jar:na]
	at org.codehaus.plexus.classworlds.launcher.Launcher.main(Launcher.java:352) [plexus-classworlds-2.4.jar:na]
Caused by: org.springframework.beans.factory.BeanCreationException: Could not autowire field: private com.ggec.template.service.task.TaskService com.ggec.template.web.task.TaskController.taskService; nested exception is java.lang.IllegalArgumentException: Can not set com.ggec.template.service.task.TaskService field com.ggec.template.web.task.TaskController.taskService to com.sun.proxy.$Proxy37
	at org.springframework.beans.factory.annotation.AutowiredAnnotationBeanPostProcessor$AutowiredFieldElement.inject(AutowiredAnnotationBeanPostProcessor.java:508) ~[spring-beans-4.0.2.RELEASE.jar:4.0.2.RELEASE]
	at org.springframework.beans.factory.annotation.InjectionMetadata.inject(InjectionMetadata.java:87) ~[spring-beans-4.0.2.RELEASE.jar:4.0.2.RELEASE]
	at org.springframework.beans.factory.annotation.AutowiredAnnotationBeanPostProcessor.postProcessPropertyValues(AutowiredAnnotationBeanPostProcessor.java:289) ~[spring-beans-4.0.2.RELEASE.jar:4.0.2.RELEASE]
	... 60 common frames omitted
Caused by: java.lang.IllegalArgumentException: Can not set com.ggec.template.service.task.TaskService field com.ggec.template.web.task.TaskController.taskService to com.sun.proxy.$Proxy37
	at sun.reflect.UnsafeFieldAccessorImpl.throwSetIllegalArgumentException(UnsafeFieldAccessorImpl.java:164) ~[na:1.7.0_21]
	at sun.reflect.UnsafeFieldAccessorImpl.throwSetIllegalArgumentException(UnsafeFieldAccessorImpl.java:168) ~[na:1.7.0_21]
	at sun.reflect.UnsafeObjectFieldAccessorImpl.set(UnsafeObjectFieldAccessorImpl.java:81) ~[na:1.7.0_21]
	at java.lang.reflect.Field.set(Field.java:680) ~[na:1.7.0_21]
	at org.springframework.beans.factory.annotation.AutowiredAnnotationBeanPostProcessor$AutowiredFieldElement.inject(AutowiredAnnotationBeanPostProcessor.java:504) ~[spring-beans-4.0.2.RELEASE.jar:4.0.2.RELEASE]
	... 62 common frames omitted
13:50:40.858 [main] ERROR o.s.web.servlet.DispatcherServlet - Context initialization failed
org.springframework.beans.factory.BeanCreationException: Error creating bean with name 'taskController': Injection of autowired dependencies failed; nested exception is org.springframework.beans.factory.BeanCreationException: Could not autowire field: private com.ggec.template.service.task.TaskService com.ggec.template.web.task.TaskController.taskService; nested exception is java.lang.IllegalArgumentException: Can not set com.ggec.template.service.task.TaskService field com.ggec.template.web.task.TaskController.taskService to com.sun.proxy.$Proxy37
	at org.springframework.beans.factory.annotation.AutowiredAnnotationBeanPostProcessor.postProcessPropertyValues(AutowiredAnnotationBeanPostProcessor.java:292) ~[spring-beans-4.0.2.RELEASE.jar:4.0.2.RELEASE]
	at org.springframework.beans.factory.support.AbstractAutowireCapableBeanFactory.populateBean(AbstractAutowireCapableBeanFactory.java:1185) ~[spring-beans-4.0.2.RELEASE.jar:4.0.2.RELEASE]
	at org.springframework.beans.factory.support.AbstractAutowireCapableBeanFactory.doCreateBean(AbstractAutowireCapableBeanFactory.java:537) ~[spring-beans-4.0.2.RELEASE.jar:4.0.2.RELEASE]
	at org.springframework.beans.factory.support.AbstractAutowireCapableBeanFactory.createBean(AbstractAutowireCapableBeanFactory.java:475) ~[spring-beans-4.0.2.RELEASE.jar:4.0.2.RELEASE]
	at org.springframework.beans.factory.support.AbstractBeanFactory$1.getObject(AbstractBeanFactory.java:304) ~[spring-beans-4.0.2.RELEASE.jar:4.0.2.RELEASE]
	at org.springframework.beans.factory.support.DefaultSingletonBeanRegistry.getSingleton(DefaultSingletonBeanRegistry.java:228) ~[spring-beans-4.0.2.RELEASE.jar:4.0.2.RELEASE]
	at org.springframework.beans.factory.support.AbstractBeanFactory.doGetBean(AbstractBeanFactory.java:300) ~[spring-beans-4.0.2.RELEASE.jar:4.0.2.RELEASE]
	at org.springframework.beans.factory.support.AbstractBeanFactory.getBean(AbstractBeanFactory.java:195) ~[spring-beans-4.0.2.RELEASE.jar:4.0.2.RELEASE]
	at org.springframework.beans.factory.support.DefaultListableBeanFactory.preInstantiateSingletons(DefaultListableBeanFactory.java:700) ~[spring-beans-4.0.2.RELEASE.jar:4.0.2.RELEASE]
	at org.springframework.context.support.AbstractApplicationContext.finishBeanFactoryInitialization(AbstractApplicationContext.java:760) ~[spring-context-4.0.2.RELEASE.jar:4.0.2.RELEASE]
	at org.springframework.context.support.AbstractApplicationContext.refresh(AbstractApplicationContext.java:482) ~[spring-context-4.0.2.RELEASE.jar:4.0.2.RELEASE]
	at org.springframework.web.servlet.FrameworkServlet.configureAndRefreshWebApplicationContext(FrameworkServlet.java:658) ~[spring-webmvc-4.0.2.RELEASE.jar:4.0.2.RELEASE]
	at org.springframework.web.servlet.FrameworkServlet.createWebApplicationContext(FrameworkServlet.java:624) ~[spring-webmvc-4.0.2.RELEASE.jar:4.0.2.RELEASE]
	at org.springframework.web.servlet.FrameworkServlet.createWebApplicationContext(FrameworkServlet.java:672) ~[spring-webmvc-4.0.2.RELEASE.jar:4.0.2.RELEASE]
	at org.springframework.web.servlet.FrameworkServlet.initWebApplicationContext(FrameworkServlet.java:543) ~[spring-webmvc-4.0.2.RELEASE.jar:4.0.2.RELEASE]
	at org.springframework.web.servlet.FrameworkServlet.initServletBean(FrameworkServlet.java:484) ~[spring-webmvc-4.0.2.RELEASE.jar:4.0.2.RELEASE]
	at org.springframework.web.servlet.HttpServletBean.init(HttpServletBean.java:136) [spring-webmvc-4.0.2.RELEASE.jar:4.0.2.RELEASE]
	at javax.servlet.GenericServlet.init(GenericServlet.java:244) [javax.servlet-3.0.0.v201112011016.jar:na]
	at org.eclipse.jetty.servlet.ServletHolder.initServlet(ServletHolder.java:532) [jetty-servlet-8.1.15.v20140411.jar:8.1.15.v20140411]
	at org.eclipse.jetty.servlet.ServletHolder.doStart(ServletHolder.java:344) [jetty-servlet-8.1.15.v20140411.jar:8.1.15.v20140411]
	at org.eclipse.jetty.util.component.AbstractLifeCycle.start(AbstractLifeCycle.java:64) [jetty-util-8.1.15.v20140411.jar:8.1.15.v20140411]
	at org.eclipse.jetty.servlet.ServletHandler.initialize(ServletHandler.java:791) [jetty-servlet-8.1.15.v20140411.jar:8.1.15.v20140411]
	at org.eclipse.jetty.servlet.ServletContextHandler.startContext(ServletContextHandler.java:265) [jetty-servlet-8.1.15.v20140411.jar:8.1.15.v20140411]
	at org.eclipse.jetty.webapp.WebAppContext.startContext(WebAppContext.java:1242) [jetty-webapp-8.1.15.v20140411.jar:8.1.15.v20140411]
	at org.eclipse.jetty.server.handler.ContextHandler.doStart(ContextHandler.java:717) [jetty-server-8.1.15.v20140411.jar:8.1.15.v20140411]
	at org.eclipse.jetty.webapp.WebAppContext.doStart(WebAppContext.java:494) [jetty-webapp-8.1.15.v20140411.jar:8.1.15.v20140411]
	at org.mortbay.jetty.plugin.JettyWebAppContext.doStart(JettyWebAppContext.java:298) [jetty-maven-plugin-8.1.15.v20140411.jar:8.1.15.v20140411]
	at org.eclipse.jetty.util.component.AbstractLifeCycle.start(AbstractLifeCycle.java:64) [jetty-util-8.1.15.v20140411.jar:8.1.15.v20140411]
	at org.eclipse.jetty.server.handler.HandlerCollection.doStart(HandlerCollection.java:229) [jetty-server-8.1.15.v20140411.jar:8.1.15.v20140411]
	at org.eclipse.jetty.server.handler.ContextHandlerCollection.doStart(ContextHandlerCollection.java:172) [jetty-server-8.1.15.v20140411.jar:8.1.15.v20140411]
	at org.eclipse.jetty.util.component.AbstractLifeCycle.start(AbstractLifeCycle.java:64) [jetty-util-8.1.15.v20140411.jar:8.1.15.v20140411]
	at org.eclipse.jetty.server.handler.HandlerCollection.doStart(HandlerCollection.java:229) [jetty-server-8.1.15.v20140411.jar:8.1.15.v20140411]
	at org.eclipse.jetty.util.component.AbstractLifeCycle.start(AbstractLifeCycle.java:64) [jetty-util-8.1.15.v20140411.jar:8.1.15.v20140411]
	at org.eclipse.jetty.server.handler.HandlerWrapper.doStart(HandlerWrapper.java:95) [jetty-server-8.1.15.v20140411.jar:8.1.15.v20140411]
	at org.eclipse.jetty.server.Server.doStart(Server.java:282) [jetty-server-8.1.15.v20140411.jar:8.1.15.v20140411]
	at org.mortbay.jetty.plugin.JettyServer.doStart(JettyServer.java:65) [jetty-maven-plugin-8.1.15.v20140411.jar:8.1.15.v20140411]
	at org.eclipse.jetty.util.component.AbstractLifeCycle.start(AbstractLifeCycle.java:64) [jetty-util-8.1.15.v20140411.jar:8.1.15.v20140411]
	at org.mortbay.jetty.plugin.AbstractJettyMojo.startJetty(AbstractJettyMojo.java:520) [jetty-maven-plugin-8.1.15.v20140411.jar:8.1.15.v20140411]
	at org.mortbay.jetty.plugin.AbstractJettyMojo.execute(AbstractJettyMojo.java:365) [jetty-maven-plugin-8.1.15.v20140411.jar:8.1.15.v20140411]
	at org.mortbay.jetty.plugin.JettyRunMojo.execute(JettyRunMojo.java:523) [jetty-maven-plugin-8.1.15.v20140411.jar:8.1.15.v20140411]
	at org.apache.maven.plugin.DefaultBuildPluginManager.executeMojo(DefaultBuildPluginManager.java:101) [maven-core-3.0.4.jar:3.0.4]
	at org.apache.maven.lifecycle.internal.MojoExecutor.execute(MojoExecutor.java:209) [maven-core-3.0.4.jar:3.0.4]
	at org.apache.maven.lifecycle.internal.MojoExecutor.execute(MojoExecutor.java:153) [maven-core-3.0.4.jar:3.0.4]
	at org.apache.maven.lifecycle.internal.MojoExecutor.execute(MojoExecutor.java:145) [maven-core-3.0.4.jar:3.0.4]
	at org.apache.maven.lifecycle.internal.LifecycleModuleBuilder.buildProject(LifecycleModuleBuilder.java:84) [maven-core-3.0.4.jar:3.0.4]
	at org.apache.maven.lifecycle.internal.LifecycleModuleBuilder.buildProject(LifecycleModuleBuilder.java:59) [maven-core-3.0.4.jar:3.0.4]
	at org.apache.maven.lifecycle.internal.LifecycleStarter.singleThreadedBuild(LifecycleStarter.java:183) [maven-core-3.0.4.jar:3.0.4]
	at org.apache.maven.lifecycle.internal.LifecycleStarter.execute(LifecycleStarter.java:161) [maven-core-3.0.4.jar:3.0.4]
	at org.apache.maven.DefaultMaven.doExecute(DefaultMaven.java:320) [maven-core-3.0.4.jar:3.0.4]
	at org.apache.maven.DefaultMaven.execute(DefaultMaven.java:156) [maven-core-3.0.4.jar:3.0.4]
	at org.apache.maven.cli.MavenCli.execute(MavenCli.java:537) [maven-embedder-3.0.4.jar:3.0.4]
	at org.apache.maven.cli.MavenCli.doMain(MavenCli.java:196) [maven-embedder-3.0.4.jar:3.0.4]
	at org.apache.maven.cli.MavenCli.main(MavenCli.java:141) [maven-embedder-3.0.4.jar:3.0.4]
	at sun.reflect.NativeMethodAccessorImpl.invoke0(Native Method) ~[na:1.7.0_21]
	at sun.reflect.NativeMethodAccessorImpl.invoke(NativeMethodAccessorImpl.java:57) ~[na:1.7.0_21]
	at sun.reflect.DelegatingMethodAccessorImpl.invoke(DelegatingMethodAccessorImpl.java:43) ~[na:1.7.0_21]
	at java.lang.reflect.Method.invoke(Method.java:601) ~[na:1.7.0_21]
	at org.codehaus.plexus.classworlds.launcher.Launcher.launchEnhanced(Launcher.java:290) [plexus-classworlds-2.4.jar:na]
	at org.codehaus.plexus.classworlds.launcher.Launcher.launch(Launcher.java:230) [plexus-classworlds-2.4.jar:na]
	at org.codehaus.plexus.classworlds.launcher.Launcher.mainWithExitCode(Launcher.java:409) [plexus-classworlds-2.4.jar:na]
	at org.codehaus.plexus.classworlds.launcher.Launcher.main(Launcher.java:352) [plexus-classworlds-2.4.jar:na]
Caused by: org.springframework.beans.factory.BeanCreationException: Could not autowire field: private com.ggec.template.service.task.TaskService com.ggec.template.web.task.TaskController.taskService; nested exception is java.lang.IllegalArgumentException: Can not set com.ggec.template.service.task.TaskService field com.ggec.template.web.task.TaskController.taskService to com.sun.proxy.$Proxy37
	at org.springframework.beans.factory.annotation.AutowiredAnnotationBeanPostProcessor$AutowiredFieldElement.inject(AutowiredAnnotationBeanPostProcessor.java:508) ~[spring-beans-4.0.2.RELEASE.jar:4.0.2.RELEASE]
	at org.springframework.beans.factory.annotation.InjectionMetadata.inject(InjectionMetadata.java:87) ~[spring-beans-4.0.2.RELEASE.jar:4.0.2.RELEASE]
	at org.springframework.beans.factory.annotation.AutowiredAnnotationBeanPostProcessor.postProcessPropertyValues(AutowiredAnnotationBeanPostProcessor.java:289) ~[spring-beans-4.0.2.RELEASE.jar:4.0.2.RELEASE]
	... 60 common frames omitted
Caused by: java.lang.IllegalArgumentException: Can not set com.ggec.template.service.task.TaskService field com.ggec.template.web.task.TaskController.taskService to com.sun.proxy.$Proxy37
	at sun.reflect.UnsafeFieldAccessorImpl.throwSetIllegalArgumentException(UnsafeFieldAccessorImpl.java:164) ~[na:1.7.0_21]
	at sun.reflect.UnsafeFieldAccessorImpl.throwSetIllegalArgumentException(UnsafeFieldAccessorImpl.java:168) ~[na:1.7.0_21]
	at sun.reflect.UnsafeObjectFieldAccessorImpl.set(UnsafeObjectFieldAccessorImpl.java:81) ~[na:1.7.0_21]
	at java.lang.reflect.Field.set(Field.java:680) ~[na:1.7.0_21]
	at org.springframework.beans.factory.annotation.AutowiredAnnotationBeanPostProcessor$AutowiredFieldElement.inject(AutowiredAnnotationBeanPostProcessor.java:504) ~[spring-beans-4.0.2.RELEASE.jar:4.0.2.RELEASE]
	... 62 common frames omitted
13:56:49.003 [main] WARN  o.s.aop.framework.CglibAopProxy - Unable to proxy method [public final org.apache.shiro.authc.AuthenticationInfo org.apache.shiro.realm.AuthenticatingRealm.getAuthenticationInfo(org.apache.shiro.authc.AuthenticationToken) throws org.apache.shiro.authc.AuthenticationException] because it is final: All calls to this method via a proxy will be routed directly to the proxy.
13:56:49.008 [main] WARN  o.s.aop.framework.CglibAopProxy - Unable to proxy method [public final void org.apache.shiro.realm.AuthenticatingRealm.init()] because it is final: All calls to this method via a proxy will be routed directly to the proxy.
21:51:30.072 [main] WARN  o.s.aop.framework.CglibAopProxy - Unable to proxy method [public final org.apache.shiro.authc.AuthenticationInfo org.apache.shiro.realm.AuthenticatingRealm.getAuthenticationInfo(org.apache.shiro.authc.AuthenticationToken) throws org.apache.shiro.authc.AuthenticationException] because it is final: All calls to this method via a proxy will be routed directly to the proxy.
21:51:30.087 [main] WARN  o.s.aop.framework.CglibAopProxy - Unable to proxy method [public final void org.apache.shiro.realm.AuthenticatingRealm.init()] because it is final: All calls to this method via a proxy will be routed directly to the proxy.
23:42:52.391 [main] WARN  o.s.aop.framework.CglibAopProxy - Unable to proxy method [public final org.apache.shiro.authc.AuthenticationInfo org.apache.shiro.realm.AuthenticatingRealm.getAuthenticationInfo(org.apache.shiro.authc.AuthenticationToken) throws org.apache.shiro.authc.AuthenticationException] because it is final: All calls to this method via a proxy will be routed directly to the proxy.
23:42:52.393 [main] WARN  o.s.aop.framework.CglibAopProxy - Unable to proxy method [public final void org.apache.shiro.realm.AuthenticatingRealm.init()] because it is final: All calls to this method via a proxy will be routed directly to the proxy.
